<?xml version="1.0" encoding="UTF-8"?>
<testsuite name="cn.edu.hdu.lab505.innovation.service.AccountServiceTest" tests="0" skipped="0" failures="0" errors="0" timestamp="1970-01-01T00:00:00" hostname="cs-PC" time="0.0">
  <properties/>
  <system-out><![CDATA[17:02:49,078  INFO DefaultTestContextBootstrapper:259 - Loaded default TestExecutionListener class names from location [META-INF/spring.factories]: [org.springframework.test.context.web.ServletTestExecutionListener, org.springframework.test.context.support.DirtiesContextBeforeModesTestExecutionListener, org.springframework.test.context.support.DependencyInjectionTestExecutionListener, org.springframework.test.context.support.DirtiesContextTestExecutionListener, org.springframework.test.context.transaction.TransactionalTestExecutionListener, org.springframework.test.context.jdbc.SqlScriptsTestExecutionListener]
  17:02:49,124  INFO DefaultTestContextBootstrapper:185 - Using TestExecutionListeners: [org.springframework.test.context.web.ServletTestExecutionListener@590496c6, org.springframework.test.context.support.DirtiesContextBeforeModesTestExecutionListener@6b79cffc, org.springframework.test.context.support.DependencyInjectionTestExecutionListener@648d0937, org.springframework.test.context.support.DirtiesContextTestExecutionListener@154cc7e, org.springframework.test.context.transaction.TransactionalTestExecutionListener@7c1bc834, org.springframework.test.context.jdbc.SqlScriptsTestExecutionListener@5938ee64]
  ]]></system-out>
  <system-err><![CDATA[]]></system-err>
</testsuite>
